0 info it worked if it ends with ok
1 verbose cli [ 'C:\\Program Files\\nodejs\\node.exe',
1 verbose cli   'C:\\Program Files\\nodejs\\node_modules\\npm\\bin\\npm-cli.js',
1 verbose cli   'install',
1 verbose cli   '--no-cache' ]
2 info using npm@5.4.2
3 info using node@v8.8.1
4 verbose npm-session 3858aed9bb671e82
5 silly install runPreinstallTopLevelLifecycles
6 silly preinstall las2peer-node-frontend@2.0.0
7 info lifecycle las2peer-node-frontend@2.0.0~preinstall: las2peer-node-frontend@2.0.0
8 silly install loadCurrentTree
9 silly install readLocalPackageData
10 silly install loadIdealTree
11 silly install cloneCurrentTreeToIdealTree
12 silly install loadShrinkwrap
13 silly install loadAllDepsIntoIdealTree
14 info lifecycle las2peer-frontend-statusbar@0.2.1~prepack: las2peer-frontend-statusbar@0.2.1
15 info lifecycle las2peer-frontend-statusbar@0.2.1~postpack: las2peer-frontend-statusbar@0.2.1
16 silly pacote git manifest for las2peer-frontend-statusbar@github:rwth-acis/las2peer-frontend-statusbar#fixUserGroups fetched in 2210ms
17 silly resolveWithNewModule las2peer-frontend-statusbar@0.2.1 checking installable status
18 http fetch GET 200 https://registry.npmjs.org/@polymer%2flit-element 248ms
19 http fetch GET 200 https://registry.npmjs.org/@polymer/lit-element/-/lit-element-0.6.5.tgz 101ms
20 silly pacote range manifest for @polymer/lit-element@^0.6.3 fetched in 383ms
21 warn deprecated @polymer/lit-element@0.6.5: @polymer/lit-element has moved to lit-element. Please uninstall this package and install lit-element. See https://www.polymer-project.org/blog/2019-01-11-lit-element-rc
22 silly resolveWithNewModule @polymer/lit-element@0.6.5 checking installable status
23 info lifecycle las2peer-frontend-user-widget@0.2.1~prepack: las2peer-frontend-user-widget@0.2.1
24 info lifecycle las2peer-frontend-user-widget@0.2.1~postpack: las2peer-frontend-user-widget@0.2.1
25 silly pacote git manifest for las2peer-frontend-user-widget@github:rwth-acis/las2peer-frontend-user-widget#fixUserGroups fetched in 2147ms
26 silly resolveWithNewModule las2peer-frontend-user-widget@0.2.1 checking installable status
27 info lifecycle openidconnect-signin@2.1.1~prepack: openidconnect-signin@2.1.1
28 info lifecycle openidconnect-signin@2.1.1~postpack: openidconnect-signin@2.1.1
29 silly pacote git manifest for openidconnect-signin@github:rwth-acis/openidconnect-signin fetched in 2669ms
30 silly resolveWithNewModule openidconnect-signin@2.1.1 checking installable status
31 http fetch GET 200 https://registry.npmjs.org/lit-html 44ms
32 http fetch GET 200 https://registry.npmjs.org/lit-html/-/lit-html-1.3.0.tgz 48ms
33 silly pacote range manifest for lit-html@^1.0.0-rc.1 fetched in 95ms
34 silly resolveWithNewModule lit-html@1.3.0 checking installable status
35 http fetch GET 200 https://registry.npmjs.org/@polymer%2fpaper-toggle-button 117ms
36 http fetch GET 200 https://registry.npmjs.org/@polymer%2fpaper-toast 144ms
37 http fetch GET 200 https://registry.npmjs.org/@polymer%2firon-list 154ms
38 http fetch GET 200 https://registry.npmjs.org/@polymer%2fpaper-badge 172ms
39 http fetch GET 200 https://registry.npmjs.org/@polymer%2fpaper-dialog-scrollable 195ms
40 http fetch GET 200 https://registry.npmjs.org/@polymer/paper-toast/-/paper-toast-3.0.1.tgz 81ms
41 silly pacote range manifest for @polymer/paper-toast@^3.0.1 fetched in 230ms
42 silly resolveWithNewModule @polymer/paper-toast@3.0.1 checking installable status
43 http fetch GET 200 https://registry.npmjs.org/@polymer/iron-list/-/iron-list-3.1.0.tgz 101ms
44 http fetch GET 200 https://registry.npmjs.org/@polymer/paper-badge/-/paper-badge-3.1.0.tgz 84ms
45 silly pacote range manifest for @polymer/iron-list@^3.0.1 fetched in 260ms
46 silly resolveWithNewModule @polymer/iron-list@3.1.0 checking installable status
47 silly pacote range manifest for @polymer/paper-badge@^3.0.1 fetched in 261ms
48 silly resolveWithNewModule @polymer/paper-badge@3.1.0 checking installable status
49 http fetch GET 200 https://registry.npmjs.org/@polymer/paper-dialog-scrollable/-/paper-dialog-scrollable-3.0.1.tgz 78ms
50 silly pacote range manifest for @polymer/paper-dialog-scrollable@^3.0.1 fetched in 276ms
51 silly resolveWithNewModule @polymer/paper-dialog-scrollable@3.0.1 checking installable status
52 http fetch GET 200 https://registry.npmjs.org/@polymer/paper-toggle-button/-/paper-toggle-button-3.0.1.tgz 772ms
53 silly pacote range manifest for @polymer/paper-toggle-button@^3.0.1 fetched in 893ms
54 silly resolveWithNewModule @polymer/paper-toggle-button@3.0.1 checking installable status
55 http fetch GET 200 https://registry.npmjs.org/lit-element 35ms
56 http fetch GET 200 https://registry.npmjs.org/oidc-client 43ms
57 http fetch GET 200 https://registry.npmjs.org/lit-element/-/lit-element-2.4.0.tgz 55ms
58 silly pacote range manifest for lit-element@^2.0.0 fetched in 96ms
59 silly resolveWithNewModule lit-element@2.4.0 checking installable status
60 http fetch GET 200 https://registry.npmjs.org/oidc-client/-/oidc-client-1.6.1.tgz 147ms
61 silly pacote version manifest for oidc-client@1.6.1 fetched in 195ms
62 silly resolveWithNewModule oidc-client@1.6.1 checking installable status
63 http fetch GET 200 https://registry.npmjs.org/jsrsasign 31ms
64 http fetch GET 200 https://registry.npmjs.org/babel-polyfill 40ms
65 http fetch GET 200 https://registry.npmjs.org/jsrsasign/-/jsrsasign-8.0.24.tgz 36ms
66 silly pacote range manifest for jsrsasign@^8.0.12 fetched in 76ms
67 silly resolveWithNewModule jsrsasign@8.0.24 checking installable status
68 http fetch GET 200 https://registry.npmjs.org/babel-polyfill/-/babel-polyfill-6.26.0.tgz 37ms
69 silly pacote range manifest for babel-polyfill@>=6.9.1 fetched in 82ms
70 silly resolveWithNewModule babel-polyfill@6.26.0 checking installable status
71 http fetch GET 200 https://registry.npmjs.org/regenerator-runtime 40ms
72 http fetch GET 200 https://registry.npmjs.org/babel-runtime 44ms
73 http fetch GET 200 https://registry.npmjs.org/core-js 49ms
74 http fetch GET 200 https://registry.npmjs.org/regenerator-runtime/-/regenerator-runtime-0.10.5.tgz 34ms
75 silly pacote range manifest for regenerator-runtime@^0.10.5 fetched in 162ms
76 silly resolveWithNewModule regenerator-runtime@0.10.5 checking installable status
77 http fetch GET 200 https://registry.npmjs.org/babel-runtime/-/babel-runtime-6.26.0.tgz 119ms
78 http fetch GET 200 https://registry.npmjs.org/core-js/-/core-js-2.6.12.tgz 113ms
79 silly pacote range manifest for core-js@^2.5.0 fetched in 168ms
80 warn deprecated core-js@2.6.12: core-js@<3 is no longer maintained and not recommended for usage due to the number of issues. Please, upgrade your dependencies to the actual version of core-js@3.
81 silly resolveWithNewModule core-js@2.6.12 checking installable status
82 silly pacote range manifest for babel-runtime@^6.26.0 fetched in 170ms
83 silly resolveWithNewModule babel-runtime@6.26.0 checking installable status
84 http fetch GET 200 https://registry.npmjs.org/regenerator-runtime/-/regenerator-runtime-0.11.1.tgz 44ms
85 silly pacote range manifest for regenerator-runtime@^0.11.0 fetched in 47ms
86 silly resolveWithNewModule regenerator-runtime@0.11.1 checking installable status
87 http fetch GET 200 https://registry.npmjs.org/fsevents 37ms
88 http fetch GET 200 https://registry.npmjs.org/fsevents/-/fsevents-1.2.13.tgz 47ms
89 silly pacote range manifest for fsevents@^1.0.0 fetched in 88ms
90 warn deprecated fsevents@1.2.13: fsevents 1 will break on node v14+ and could be using insecure binaries. Upgrade to fsevents 2.
91 silly resolveWithNewModule fsevents@1.2.13 checking installable status
92 verbose stack Error: EPERM: operation not permitted, unlink 'C:\Users\Aaron\Documents\GitHub\las2peer\webconnector\frontend\false\_cacache\tmp\git-clone-01869569\logo.png'
93 verbose cwd C:\Users\Aaron\Documents\GitHub\las2peer\webconnector\frontend
94 verbose Windows_NT 10.0.19041
95 verbose argv "C:\\Program Files\\nodejs\\node.exe" "C:\\Program Files\\nodejs\\node_modules\\npm\\bin\\npm-cli.js" "install" "--no-cache"
96 verbose node v8.8.1
97 verbose npm  v5.4.2
98 error path C:\Users\Aaron\Documents\GitHub\las2peer\webconnector\frontend\false\_cacache\tmp\git-clone-01869569\logo.png
99 error code EPERM
100 error errno -4048
101 error syscall unlink
102 error Error: EPERM: operation not permitted, unlink 'C:\Users\Aaron\Documents\GitHub\las2peer\webconnector\frontend\false\_cacache\tmp\git-clone-01869569\logo.png'
102 error  { Error: EPERM: operation not permitted, unlink 'C:\Users\Aaron\Documents\GitHub\las2peer\webconnector\frontend\false\_cacache\tmp\git-clone-01869569\logo.png'
102 error   cause:
102 error    { Error: EPERM: operation not permitted, unlink 'C:\Users\Aaron\Documents\GitHub\las2peer\webconnector\frontend\false\_cacache\tmp\git-clone-01869569\logo.png'
102 error      errno: -4048,
102 error      code: 'EPERM',
102 error      syscall: 'unlink',
102 error      path: 'C:\\Users\\Aaron\\Documents\\GitHub\\las2peer\\webconnector\\frontend\\false\\_cacache\\tmp\\git-clone-01869569\\logo.png' },
102 error   isOperational: true,
102 error   stack: 'Error: EPERM: operation not permitted, unlink \'C:\\Users\\Aaron\\Documents\\GitHub\\las2peer\\webconnector\\frontend\\false\\_cacache\\tmp\\git-clone-01869569\\logo.png\'',
102 error   errno: -4048,
102 error   code: 'EPERM',
102 error   syscall: 'unlink',
102 error   path: 'C:\\Users\\Aaron\\Documents\\GitHub\\las2peer\\webconnector\\frontend\\false\\_cacache\\tmp\\git-clone-01869569\\logo.png' }
103 error Please try running this command again as root/Administrator.
104 verbose exit [ -4048, true ]
